[2026-02-24T06:26:24.692Z] GET /agent-demo-modal.html 200 - 37ms
[2026-02-24T06:26:25.133Z] GET /styles.css 200 - 9ms
[2026-02-24T06:26:27.420Z] GET /favicon.ico 404 - 8ms
[2026-02-24T06:26:29.491Z] GET /.well-known/appspecific/com.chrome.devtools.json 404 - 3ms
[2026-02-24T06:26:31.901Z] GET /agent-demo-modal.html 200 - 11ms
[2026-02-24T06:26:32.318Z] GET /styles.css 200 - 3ms
[2026-02-24T06:26:35.740Z] GET /favicon.ico 404 - 1ms
[2026-02-24T06:36:43.210Z] GET /agent-demo-modal.html 200 - 840ms
[2026-02-24T06:36:46.905Z] GET /styles.css 304 - 29ms
[2026-02-24T06:43:35.771Z] GET /agent-demo-modal.html 200 - 15ms
[2026-02-24T06:43:36.400Z] GET /styles.css 304 - 7ms
[2026-02-24T06:50:39.935Z] GET /agent-demo-modal.html 200 - 165ms
[2026-02-24T06:50:40.190Z] GET /styles.css 304 - 1ms
[2026-02-24T06:54:30.978Z] GET /agent-demo-modal.html 200 - 22ms
[2026-02-24T06:54:31.031Z] GET /styles.css 304 - 4ms
[2026-02-24T07:11:02.094Z] GET /agent-demo-modal.html 200 - 26ms
[2026-02-24T07:11:02.127Z] GET /styles.css 304 - 3ms
[2026-02-24T07:27:13.361Z] GET /agent-demo-modal.html 200 - 1024ms
[2026-02-24T07:27:13.383Z] GET /styles.css 304 - 2ms
[2026-02-24T07:30:17.419Z] GET /agent-demo-modal.html 200 - 5ms
[2026-02-24T07:30:17.496Z] GET /styles.css 304 - 2ms
[2026-02-24T07:33:48.756Z] GET /agent-demo-modal.html 200 - 4ms
[2026-02-24T07:33:48.817Z] GET /styles.css 304 - 2ms
[2026-02-24T07:33:54.780Z] GET /agent-demo-modal.html 304 - 2ms
[2026-02-24T07:33:54.969Z] GET /styles.css 304 - 1ms
[2026-02-24T07:34:16.252Z] GET /agent-demo-modal.html 200 - 20ms
[2026-02-24T07:34:17.698Z] GET /styles.css 304 - 2ms
[2026-02-24T07:34:30.637Z] GET /agent-demo-modal.html 304 - 5ms
[2026-02-24T07:34:30.685Z] GET /styles.css 304 - 2ms
[2026-02-24T07:36:06.775Z] GET /agent-demo-modal.html 200 - 1261ms
[2026-02-24T07:36:06.811Z] GET /styles.css 304 - 1ms
[2026-02-24T07:45:00.864Z] GET /agent-demo-modal.html 200 - 25ms
[2026-02-24T07:45:00.896Z] GET /styles.css 304 - 6ms
[2026-02-24T07:48:56.110Z] GET /agent-demo-modal.html 304 - 5ms
[2026-02-24T07:48:56.155Z] GET /styles.css 304 - 2ms
[2026-04-16T14:37:37.504Z] POST /tenant/session/login 200 - 435ms
[2026-04-16T14:37:38.503Z] GET /tenant/profile 200 - 983ms
[2026-04-16T14:37:38.808Z] GET /tenant/smtp 200 - 286ms
[2026-04-16T14:37:39.119Z] GET /tenant/bot-settings 200 - 250ms
[2026-04-16T14:37:39.417Z] GET /tenant/analytics 200 - 294ms
[2026-04-16T14:37:40.157Z] GET /tenant/training 200 - 736ms
[2026-04-16T14:37:40.620Z] GET /tenant/catalog 200 - 456ms
[2026-04-16T14:37:40.836Z] GET /tenant/orders 200 - 213ms
[2026-04-16T14:37:41.053Z] GET /tenant/payments 200 - 213ms
[2026-04-16T14:37:41.060Z] POST /tenant/session/logout 200 - 2ms
[2026-04-16T15:17:12.273Z] POST /tenant/session/login 200 - 2169ms
[2026-04-16T15:17:12.914Z] POST /tenant/catalog 500 - 617ms
[2026-04-16T15:20:56.360Z] POST /tenant/session/login 200 - 490ms
[2026-04-16T15:20:57.079Z] POST /tenant/catalog 500 - 671ms
[2026-04-16T15:25:29.425Z] POST /tenant/session/login 200 - 740ms
[2026-04-16T15:25:32.011Z] POST /tenant/catalog 500 - 2569ms
[2026-04-16T15:29:09.652Z] POST /tenant/session/login 200 - 257ms
[2026-04-16T15:29:10.576Z] POST /tenant/catalog 200 - 901ms
[2026-04-16T15:29:11.041Z] GET /tenant/catalog?q=SMOKE-1776353348911 200 - 460ms
[2026-04-16T15:29:11.877Z] DELETE /tenant/catalog?sku=SMOKE-1776353348911 500 - 734ms
[2026-04-16T15:29:11.880Z] POST /tenant/session/logout 200 - 0ms
[2026-04-16T15:34:56.785Z] POST /tenant/session/login 200 - 1902ms
[2026-04-16T15:34:57.764Z] POST /tenant/catalog 200 - 888ms
[2026-04-16T15:34:58.168Z] GET /tenant/catalog?q=SMOKE-1776353693215 200 - 396ms
[2026-04-16T15:35:00.164Z] DELETE /tenant/catalog?sku=SMOKE-1776353693215 200 - 1989ms
[2026-04-16T15:35:00.178Z] POST /tenant/session/logout 200 - 1ms
[2026-04-16T15:47:40.425Z] POST /tenant/session/login 200 - 621ms
[2026-04-16T15:47:41.651Z] POST /tenant/catalog 200 - 1193ms
[2026-04-16T15:47:42.172Z] GET /tenant/catalog?q=SMOKE-1776354458336 200 - 513ms
[2026-04-16T15:47:43.171Z] DELETE /tenant/catalog?sku=SMOKE-1776354458336 200 - 996ms
[2026-04-16T15:47:43.188Z] POST /tenant/session/logout 200 - 9ms
